# Logfile created on 2018-03-30 08:27:34 -0700 by logger.rb/61378
  INFO ---------------------------------------------------------------------------
  INFO START 2018-03-30 08:27:34 -0700 cap production deploy
  INFO ---------------------------------------------------------------------------
  INFO [c78884ba] Running /usr/bin/env mkdir -p /tmp as cromon@ssh.mscnet.work
 DEBUG [c78884ba] Command: /usr/bin/env mkdir -p /tmp
  INFO [c78884ba] Finished in 6.857 seconds with exit status 0 (successful).
 DEBUG Uploading /tmp/git-ssh-mscnet.work-production-cromon.sh 0.0%
  INFO Uploading /tmp/git-ssh-mscnet.work-production-cromon.sh 100.0%
  INFO [64e8e654] Running /usr/bin/env chmod 700 /tmp/git-ssh-mscnet.work-production-cromon.sh as cromon@ssh.mscnet.work
 DEBUG [64e8e654] Command: /usr/bin/env chmod 700 /tmp/git-ssh-mscnet.work-production-cromon.sh
  INFO [64e8e654] Finished in 0.360 seconds with exit status 0 (successful).
  INFO [91d3768e] Running /usr/bin/env git ls-remote https://github.com/msc-network/msc-network-homepage.git HEAD as cromon@ssh.mscnet.work
 DEBUG [91d3768e] Command: ( export GIT_ASKPASS="/bin/echo" GIT_SSH="/tmp/git-ssh-mscnet.work-production-cromon.sh" ; /usr/bin/env git ls-remote https://github.com/msc-network/msc-network-homepage.git HEAD )
 DEBUG [91d3768e] 	25ac1c07b96a3dbb0db516538b7210f54b6610c1	HEAD
  INFO [91d3768e] Finished in 0.970 seconds with exit status 0 (successful).
  INFO [2954c37f] Running /usr/bin/env mkdir -p /var/www/mscnet.work/shared /var/www/mscnet.work/releases as cromon@ssh.mscnet.work
 DEBUG [2954c37f] Command: /usr/bin/env mkdir -p /var/www/mscnet.work/shared /var/www/mscnet.work/releases
 DEBUG [2954c37f] 	mkdir: 
 DEBUG [2954c37f] 	cannot create directory ‘/var/www/mscnet.work/shared’
 DEBUG [2954c37f] 	: Permission denied
 DEBUG [2954c37f] 	
 DEBUG [2954c37f] 	mkdir: 
 DEBUG [2954c37f] 	cannot create directory ‘/var/www/mscnet.work/releases’
 DEBUG [2954c37f] 	: Permission denied
 DEBUG [2954c37f] 	
  INFO ---------------------------------------------------------------------------
  INFO START 2018-03-30 14:31:05 -0700 cap production deploy
  INFO ---------------------------------------------------------------------------
  INFO [cbb93496] Running /usr/bin/env mkdir -p /tmp as cromon@ssh.mscnet.work
 DEBUG [cbb93496] Command: /usr/bin/env mkdir -p /tmp
  INFO [cbb93496] Finished in 2.053 seconds with exit status 0 (successful).
 DEBUG Uploading /tmp/git-ssh-mscnet.work-production-cromon.sh 0.0%
  INFO Uploading /tmp/git-ssh-mscnet.work-production-cromon.sh 100.0%
  INFO [28b78865] Running /usr/bin/env chmod 700 /tmp/git-ssh-mscnet.work-production-cromon.sh as cromon@ssh.mscnet.work
 DEBUG [28b78865] Command: /usr/bin/env chmod 700 /tmp/git-ssh-mscnet.work-production-cromon.sh
  INFO [28b78865] Finished in 0.354 seconds with exit status 0 (successful).
  INFO [38ad6028] Running /usr/bin/env git ls-remote https://github.com/msc-network/msc-network-homepage.git HEAD as cromon@ssh.mscnet.work
 DEBUG [38ad6028] Command: ( export GIT_ASKPASS="/bin/echo" GIT_SSH="/tmp/git-ssh-mscnet.work-production-cromon.sh" ; /usr/bin/env git ls-remote https://github.com/msc-network/msc-network-homepage.git HEAD )
 DEBUG [38ad6028] 	25ac1c07b96a3dbb0db516538b7210f54b6610c1	HEAD
  INFO [38ad6028] Finished in 0.687 seconds with exit status 0 (successful).
  INFO [ba3437dd] Running /usr/bin/env mkdir -p /var/www/mscnet.work/shared /var/www/mscnet.work/releases as cromon@ssh.mscnet.work
 DEBUG [ba3437dd] Command: /usr/bin/env mkdir -p /var/www/mscnet.work/shared /var/www/mscnet.work/releases
 DEBUG [ba3437dd] 	mkdir: 
 DEBUG [ba3437dd] 	cannot create directory ‘/var/www/mscnet.work/shared’
 DEBUG [ba3437dd] 	: Permission denied
 DEBUG [ba3437dd] 	
 DEBUG [ba3437dd] 	mkdir: 
 DEBUG [ba3437dd] 	cannot create directory ‘/var/www/mscnet.work/releases’
 DEBUG [ba3437dd] 	: Permission denied
 DEBUG [ba3437dd] 	
  INFO ---------------------------------------------------------------------------
  INFO START 2018-03-30 14:33:47 -0700 cap production deploy
  INFO ---------------------------------------------------------------------------
  INFO [27e64e68] Running /usr/bin/env mkdir -p /tmp as cromon@mscnet.work
 DEBUG [27e64e68] Command: /usr/bin/env mkdir -p /tmp
  INFO [27e64e68] Finished in 1.787 seconds with exit status 0 (successful).
 DEBUG Uploading /tmp/git-ssh-mscnet.work-production-cromon.sh 0.0%
  INFO Uploading /tmp/git-ssh-mscnet.work-production-cromon.sh 100.0%
  INFO [72ceea5d] Running /usr/bin/env chmod 700 /tmp/git-ssh-mscnet.work-production-cromon.sh as cromon@mscnet.work
 DEBUG [72ceea5d] Command: /usr/bin/env chmod 700 /tmp/git-ssh-mscnet.work-production-cromon.sh
  INFO [72ceea5d] Finished in 0.416 seconds with exit status 0 (successful).
  INFO [74cc005d] Running /usr/bin/env git ls-remote https://github.com/msc-network/msc-network-homepage.git HEAD as cromon@mscnet.work
 DEBUG [74cc005d] Command: ( export GIT_ASKPASS="/bin/echo" GIT_SSH="/tmp/git-ssh-mscnet.work-production-cromon.sh" ; /usr/bin/env git ls-remote https://github.com/msc-network/msc-network-homepage.git HEAD )
 DEBUG [74cc005d] 	25ac1c07b96a3dbb0db516538b7210f54b6610c1	HEAD
  INFO [74cc005d] Finished in 0.745 seconds with exit status 0 (successful).
  INFO [408b67a3] Running /usr/bin/env mkdir -p /var/www/mscnet.work/shared /var/www/mscnet.work/releases as cromon@mscnet.work
 DEBUG [408b67a3] Command: /usr/bin/env mkdir -p /var/www/mscnet.work/shared /var/www/mscnet.work/releases
  INFO [408b67a3] Finished in 0.300 seconds with exit status 0 (successful).
 DEBUG [97e73d90] Running [ -f /var/www/mscnet.work/current/REVISION ] as cromon@mscnet.work
 DEBUG [97e73d90] Command: [ -f /var/www/mscnet.work/current/REVISION ]
 DEBUG [97e73d90] Finished in 0.376 seconds with exit status 1 (failed).
 DEBUG [f019f382] Running [ -f /var/www/mscnet.work/repo/HEAD ] as cromon@mscnet.work
 DEBUG [f019f382] Command: [ -f /var/www/mscnet.work/repo/HEAD ]
 DEBUG [f019f382] Finished in 0.345 seconds with exit status 1 (failed).
 DEBUG [1519afd6] Running if test ! -d /var/www/mscnet.work; then echo "Directory does not exist '/var/www/mscnet.work'" 1>&2; false; fi as cromon@mscnet.work
 DEBUG [1519afd6] Command: if test ! -d /var/www/mscnet.work; then echo "Directory does not exist '/var/www/mscnet.work'" 1>&2; false; fi
 DEBUG [1519afd6] Finished in 0.315 seconds with exit status 0 (successful).
  INFO [4edae000] Running /usr/bin/env git clone --mirror --depth 1 --no-single-branch https://github.com/msc-network/msc-network-homepage.git /var/www/mscnet.work/repo as cromon@mscnet.work
 DEBUG [4edae000] Command: cd /var/www/mscnet.work && ( export GIT_ASKPASS="/bin/echo" GIT_SSH="/tmp/git-ssh-mscnet.work-production-cromon.sh" ; /usr/bin/env git clone --mirror --depth 1 --no-single-branch https://github.com/msc-network/msc-network-homepage.git /var/www/mscnet.work/repo )
 DEBUG [4edae000] 	Cloning into bare repository '/var/www/mscnet.work/repo'...
  INFO [4edae000] Finished in 1.019 seconds with exit status 0 (successful).
 DEBUG [38bd5905] Running if test ! -d /var/www/mscnet.work/repo; then echo "Directory does not exist '/var/www/mscnet.work/repo'" 1>&2; false; fi as cromon@mscnet.work
 DEBUG [38bd5905] Command: if test ! -d /var/www/mscnet.work/repo; then echo "Directory does not exist '/var/www/mscnet.work/repo'" 1>&2; false; fi
 DEBUG [38bd5905] Finished in 0.370 seconds with exit status 0 (successful).
  INFO [01e63760] Running /usr/bin/env git remote set-url origin https://github.com/msc-network/msc-network-homepage.git as cromon@mscnet.work
 DEBUG [01e63760] Command: cd /var/www/mscnet.work/repo && ( export GIT_ASKPASS="/bin/echo" GIT_SSH="/tmp/git-ssh-mscnet.work-production-cromon.sh" ; /usr/bin/env git remote set-url origin https://github.com/msc-network/msc-network-homepage.git )
  INFO [01e63760] Finished in 0.376 seconds with exit status 0 (successful).
  INFO [4e138039] Running /usr/bin/env git fetch --depth 1 origin master as cromon@mscnet.work
 DEBUG [4e138039] Command: cd /var/www/mscnet.work/repo && ( export GIT_ASKPASS="/bin/echo" GIT_SSH="/tmp/git-ssh-mscnet.work-production-cromon.sh" ; /usr/bin/env git fetch --depth 1 origin master )
 DEBUG [4e138039] 	From https://github.com/msc-network/msc-network-homepage
 * branch            master     -> FETCH_HEAD
  INFO [4e138039] Finished in 0.615 seconds with exit status 0 (successful).
 DEBUG [cc4c61ca] Running if test ! -d /var/www/mscnet.work/repo; then echo "Directory does not exist '/var/www/mscnet.work/repo'" 1>&2; false; fi as cromon@mscnet.work
 DEBUG [cc4c61ca] Command: if test ! -d /var/www/mscnet.work/repo; then echo "Directory does not exist '/var/www/mscnet.work/repo'" 1>&2; false; fi
 DEBUG [cc4c61ca] Finished in 0.330 seconds with exit status 0 (successful).
  INFO [c8275530] Running /usr/bin/env mkdir -p /var/www/mscnet.work/releases/20180330213352 as cromon@mscnet.work
 DEBUG [c8275530] Command: cd /var/www/mscnet.work/repo && ( export GIT_ASKPASS="/bin/echo" GIT_SSH="/tmp/git-ssh-mscnet.work-production-cromon.sh" ; /usr/bin/env mkdir -p /var/www/mscnet.work/releases/20180330213352 )
  INFO [c8275530] Finished in 0.419 seconds with exit status 0 (successful).
  INFO [f0e7b4f9] Running /usr/bin/env git archive master | /usr/bin/env tar -x -f - -C /var/www/mscnet.work/releases/20180330213352 as cromon@mscnet.work
 DEBUG [f0e7b4f9] Command: cd /var/www/mscnet.work/repo && ( export GIT_ASKPASS="/bin/echo" GIT_SSH="/tmp/git-ssh-mscnet.work-production-cromon.sh" ; /usr/bin/env git archive master | /usr/bin/env tar -x -f - -C /var/www/mscnet.work/releases/20180330213352 )
  INFO [f0e7b4f9] Finished in 0.375 seconds with exit status 0 (successful).
 DEBUG [a44c6547] Running if test ! -d /var/www/mscnet.work/repo; then echo "Directory does not exist '/var/www/mscnet.work/repo'" 1>&2; false; fi as cromon@mscnet.work
 DEBUG [a44c6547] Command: if test ! -d /var/www/mscnet.work/repo; then echo "Directory does not exist '/var/www/mscnet.work/repo'" 1>&2; false; fi
 DEBUG [a44c6547] Finished in 0.332 seconds with exit status 0 (successful).
 DEBUG [94666ab0] Running /usr/bin/env git rev-list --max-count=1 master as cromon@mscnet.work
 DEBUG [94666ab0] Command: cd /var/www/mscnet.work/repo && ( export GIT_ASKPASS="/bin/echo" GIT_SSH="/tmp/git-ssh-mscnet.work-production-cromon.sh" ; /usr/bin/env git rev-list --max-count=1 master )
 DEBUG [94666ab0] 	25ac1c07b96a3dbb0db516538b7210f54b6610c1
 DEBUG [94666ab0] Finished in 0.406 seconds with exit status 0 (successful).
 DEBUG [a545e5c2] Running if test ! -d /var/www/mscnet.work/releases/20180330213352; then echo "Directory does not exist '/var/www/mscnet.work/releases/20180330213352'" 1>&2; false; fi as cromon@mscnet.work
 DEBUG [a545e5c2] Command: if test ! -d /var/www/mscnet.work/releases/20180330213352; then echo "Directory does not exist '/var/www/mscnet.work/releases/20180330213352'" 1>&2; false; fi
 DEBUG [a545e5c2] Finished in 0.404 seconds with exit status 0 (successful).
  INFO [f25b65a9] Running /usr/bin/env echo "25ac1c07b96a3dbb0db516538b7210f54b6610c1" >> REVISION as cromon@mscnet.work
 DEBUG [f25b65a9] Command: cd /var/www/mscnet.work/releases/20180330213352 && /usr/bin/env echo "25ac1c07b96a3dbb0db516538b7210f54b6610c1" >> REVISION
  INFO [f25b65a9] Finished in 0.399 seconds with exit status 0 (successful).
  INFO [f31d2d40] Running /usr/bin/env ln -s /var/www/mscnet.work/releases/20180330213352 /var/www/mscnet.work/releases/current as cromon@mscnet.work
 DEBUG [f31d2d40] Command: /usr/bin/env ln -s /var/www/mscnet.work/releases/20180330213352 /var/www/mscnet.work/releases/current
  INFO [f31d2d40] Finished in 0.388 seconds with exit status 0 (successful).
  INFO [26ebf18f] Running /usr/bin/env mv /var/www/mscnet.work/releases/current /var/www/mscnet.work as cromon@mscnet.work
 DEBUG [26ebf18f] Command: /usr/bin/env mv /var/www/mscnet.work/releases/current /var/www/mscnet.work
  INFO [26ebf18f] Finished in 0.462 seconds with exit status 0 (successful).
 DEBUG [0acd558c] Running /usr/bin/env ls -x /var/www/mscnet.work/releases as cromon@mscnet.work
 DEBUG [0acd558c] Command: /usr/bin/env ls -x /var/www/mscnet.work/releases
 DEBUG [0acd558c] 	20180330213352
 DEBUG [0acd558c] Finished in 0.358 seconds with exit status 0 (successful).
 DEBUG [248d0e63] Running if test ! -d /var/www/mscnet.work/releases; then echo "Directory does not exist '/var/www/mscnet.work/releases'" 1>&2; false; fi as cromon@mscnet.work
 DEBUG [248d0e63] Command: if test ! -d /var/www/mscnet.work/releases; then echo "Directory does not exist '/var/www/mscnet.work/releases'" 1>&2; false; fi
 DEBUG [248d0e63] Finished in 0.423 seconds with exit status 0 (successful).
  INFO [4a803410] Running /usr/bin/env echo "Branch master (at 25ac1c07b96a3dbb0db516538b7210f54b6610c1) deployed as release 20180330213352 by cromon" >> /var/www/mscnet.work/revisions.log as cromon@mscnet.work
 DEBUG [4a803410] Command: cd /var/www/mscnet.work/releases && /usr/bin/env echo "Branch master (at 25ac1c07b96a3dbb0db516538b7210f54b6610c1) deployed as release 20180330213352 by cromon" >> /var/www/mscnet.work/revisions.log
  INFO [4a803410] Finished in 0.605 seconds with exit status 0 (successful).
  INFO ---------------------------------------------------------------------------
  INFO START 2018-03-30 14:38:33 -0700 cap production deploy
  INFO ---------------------------------------------------------------------------
  INFO [bed237f1] Running /usr/bin/env mkdir -p /tmp as cromon@ssh.mscnet.work
 DEBUG [bed237f1] Command: /usr/bin/env mkdir -p /tmp
  INFO [bed237f1] Finished in 2.199 seconds with exit status 0 (successful).
 DEBUG Uploading /tmp/git-ssh-mscnet.work-production-cromon.sh 0.0%
  INFO Uploading /tmp/git-ssh-mscnet.work-production-cromon.sh 100.0%
  INFO [64ce3c33] Running /usr/bin/env chmod 700 /tmp/git-ssh-mscnet.work-production-cromon.sh as cromon@ssh.mscnet.work
 DEBUG [64ce3c33] Command: /usr/bin/env chmod 700 /tmp/git-ssh-mscnet.work-production-cromon.sh
  INFO [64ce3c33] Finished in 0.366 seconds with exit status 0 (successful).
  INFO [8ae23432] Running /usr/bin/env git ls-remote https://github.com/msc-network/msc-network-homepage.git HEAD as cromon@ssh.mscnet.work
 DEBUG [8ae23432] Command: ( export GIT_ASKPASS="/bin/echo" GIT_SSH="/tmp/git-ssh-mscnet.work-production-cromon.sh" ; /usr/bin/env git ls-remote https://github.com/msc-network/msc-network-homepage.git HEAD )
 DEBUG [8ae23432] 	25ac1c07b96a3dbb0db516538b7210f54b6610c1	HEAD
  INFO [8ae23432] Finished in 0.529 seconds with exit status 0 (successful).
  INFO [fa25b3d1] Running /usr/bin/env mkdir -p /var/www/mscnet.work/shared /var/www/mscnet.work/releases as cromon@ssh.mscnet.work
 DEBUG [fa25b3d1] Command: /usr/bin/env mkdir -p /var/www/mscnet.work/shared /var/www/mscnet.work/releases
  INFO [fa25b3d1] Finished in 0.400 seconds with exit status 0 (successful).
 DEBUG [053df99f] Running [ -f /var/www/mscnet.work/current/REVISION ] as cromon@ssh.mscnet.work
 DEBUG [053df99f] Command: [ -f /var/www/mscnet.work/current/REVISION ]
 DEBUG [053df99f] Finished in 0.401 seconds with exit status 0 (successful).
 DEBUG [b124f201] Running /usr/bin/env cat /var/www/mscnet.work/current/REVISION 2>/dev/null as cromon@ssh.mscnet.work
 DEBUG [b124f201] Command: /usr/bin/env cat /var/www/mscnet.work/current/REVISION 2>/dev/null
 DEBUG [b124f201] 	25ac1c07b96a3dbb0db516538b7210f54b6610c1
 DEBUG [b124f201] Finished in 0.390 seconds with exit status 0 (successful).
 DEBUG [40268521] Running [ -f /var/www/mscnet.work/repo/HEAD ] as cromon@ssh.mscnet.work
 DEBUG [40268521] Command: [ -f /var/www/mscnet.work/repo/HEAD ]
 DEBUG [40268521] Finished in 0.499 seconds with exit status 0 (successful).
  INFO The repository mirror is at /var/www/mscnet.work/repo
 DEBUG [15198fbc] Running if test ! -d /var/www/mscnet.work/repo; then echo "Directory does not exist '/var/www/mscnet.work/repo'" 1>&2; false; fi as cromon@ssh.mscnet.work
 DEBUG [15198fbc] Command: if test ! -d /var/www/mscnet.work/repo; then echo "Directory does not exist '/var/www/mscnet.work/repo'" 1>&2; false; fi
 DEBUG [15198fbc] Finished in 0.474 seconds with exit status 0 (successful).
  INFO [2cd5022a] Running /usr/bin/env git remote set-url origin https://github.com/msc-network/msc-network-homepage.git as cromon@ssh.mscnet.work
 DEBUG [2cd5022a] Command: cd /var/www/mscnet.work/repo && ( export GIT_ASKPASS="/bin/echo" GIT_SSH="/tmp/git-ssh-mscnet.work-production-cromon.sh" ; /usr/bin/env git remote set-url origin https://github.com/msc-network/msc-network-homepage.git )
  INFO [2cd5022a] Finished in 0.492 seconds with exit status 0 (successful).
  INFO [acefc9dd] Running /usr/bin/env git fetch --depth 1 origin master as cromon@ssh.mscnet.work
 DEBUG [acefc9dd] Command: cd /var/www/mscnet.work/repo && ( export GIT_ASKPASS="/bin/echo" GIT_SSH="/tmp/git-ssh-mscnet.work-production-cromon.sh" ; /usr/bin/env git fetch --depth 1 origin master )
 DEBUG [acefc9dd] 	From https://github.com/msc-network/msc-network-homepage
 * branch            master     -> FETCH_HEAD
  INFO [acefc9dd] Finished in 0.885 seconds with exit status 0 (successful).
 DEBUG [3e5307bb] Running if test ! -d /var/www/mscnet.work/repo; then echo "Directory does not exist '/var/www/mscnet.work/repo'" 1>&2; false; fi as cromon@ssh.mscnet.work
 DEBUG [3e5307bb] Command: if test ! -d /var/www/mscnet.work/repo; then echo "Directory does not exist '/var/www/mscnet.work/repo'" 1>&2; false; fi
 DEBUG [3e5307bb] Finished in 0.439 seconds with exit status 0 (successful).
  INFO [f44fe3e2] Running /usr/bin/env mkdir -p /var/www/mscnet.work/releases/20180330213838 as cromon@ssh.mscnet.work
 DEBUG [f44fe3e2] Command: cd /var/www/mscnet.work/repo && ( export GIT_ASKPASS="/bin/echo" GIT_SSH="/tmp/git-ssh-mscnet.work-production-cromon.sh" ; /usr/bin/env mkdir -p /var/www/mscnet.work/releases/20180330213838 )
  INFO [f44fe3e2] Finished in 0.493 seconds with exit status 0 (successful).
  INFO [72509d64] Running /usr/bin/env git archive master | /usr/bin/env tar -x -f - -C /var/www/mscnet.work/releases/20180330213838 as cromon@ssh.mscnet.work
 DEBUG [72509d64] Command: cd /var/www/mscnet.work/repo && ( export GIT_ASKPASS="/bin/echo" GIT_SSH="/tmp/git-ssh-mscnet.work-production-cromon.sh" ; /usr/bin/env git archive master | /usr/bin/env tar -x -f - -C /var/www/mscnet.work/releases/20180330213838 )
  INFO [72509d64] Finished in 0.384 seconds with exit status 0 (successful).
 DEBUG [9c0427ad] Running if test ! -d /var/www/mscnet.work/repo; then echo "Directory does not exist '/var/www/mscnet.work/repo'" 1>&2; false; fi as cromon@ssh.mscnet.work
 DEBUG [9c0427ad] Command: if test ! -d /var/www/mscnet.work/repo; then echo "Directory does not exist '/var/www/mscnet.work/repo'" 1>&2; false; fi
 DEBUG [9c0427ad] Finished in 0.376 seconds with exit status 0 (successful).
 DEBUG [6430d608] Running /usr/bin/env git rev-list --max-count=1 master as cromon@ssh.mscnet.work
 DEBUG [6430d608] Command: cd /var/www/mscnet.work/repo && ( export GIT_ASKPASS="/bin/echo" GIT_SSH="/tmp/git-ssh-mscnet.work-production-cromon.sh" ; /usr/bin/env git rev-list --max-count=1 master )
 DEBUG [6430d608] 	25ac1c07b96a3dbb0db516538b7210f54b6610c1
 DEBUG [6430d608] Finished in 0.452 seconds with exit status 0 (successful).
 DEBUG [453e8959] Running if test ! -d /var/www/mscnet.work/releases/20180330213838; then echo "Directory does not exist '/var/www/mscnet.work/releases/20180330213838'" 1>&2; false; fi as cromon@ssh.mscnet.work
 DEBUG [453e8959] Command: if test ! -d /var/www/mscnet.work/releases/20180330213838; then echo "Directory does not exist '/var/www/mscnet.work/releases/20180330213838'" 1>&2; false; fi
 DEBUG [453e8959] Finished in 0.498 seconds with exit status 0 (successful).
  INFO [f18b1471] Running /usr/bin/env echo "25ac1c07b96a3dbb0db516538b7210f54b6610c1" >> REVISION as cromon@ssh.mscnet.work
 DEBUG [f18b1471] Command: cd /var/www/mscnet.work/releases/20180330213838 && /usr/bin/env echo "25ac1c07b96a3dbb0db516538b7210f54b6610c1" >> REVISION
  INFO [f18b1471] Finished in 0.580 seconds with exit status 0 (successful).
  INFO [d54d6c7c] Running /usr/bin/env ln -s /var/www/mscnet.work/releases/20180330213838 /var/www/mscnet.work/releases/current as cromon@ssh.mscnet.work
 DEBUG [d54d6c7c] Command: /usr/bin/env ln -s /var/www/mscnet.work/releases/20180330213838 /var/www/mscnet.work/releases/current
  INFO [d54d6c7c] Finished in 0.352 seconds with exit status 0 (successful).
  INFO [4917b0bc] Running /usr/bin/env mv /var/www/mscnet.work/releases/current /var/www/mscnet.work as cromon@ssh.mscnet.work
 DEBUG [4917b0bc] Command: /usr/bin/env mv /var/www/mscnet.work/releases/current /var/www/mscnet.work
  INFO [4917b0bc] Finished in 0.445 seconds with exit status 0 (successful).
 DEBUG [5f4abfed] Running /usr/bin/env ls -x /var/www/mscnet.work/releases as cromon@ssh.mscnet.work
 DEBUG [5f4abfed] Command: /usr/bin/env ls -x /var/www/mscnet.work/releases
 DEBUG [5f4abfed] 	20180330213352	20180330213838
 DEBUG [5f4abfed] Finished in 0.468 seconds with exit status 0 (successful).
 DEBUG [bb337dac] Running if test ! -d /var/www/mscnet.work/releases; then echo "Directory does not exist '/var/www/mscnet.work/releases'" 1>&2; false; fi as cromon@ssh.mscnet.work
 DEBUG [bb337dac] Command: if test ! -d /var/www/mscnet.work/releases; then echo "Directory does not exist '/var/www/mscnet.work/releases'" 1>&2; false; fi
 DEBUG [bb337dac] Finished in 0.483 seconds with exit status 0 (successful).
  INFO [6b397d00] Running /usr/bin/env echo "Branch master (at 25ac1c07b96a3dbb0db516538b7210f54b6610c1) deployed as release 20180330213838 by cromon" >> /var/www/mscnet.work/revisions.log as cromon@ssh.mscnet.work
 DEBUG [6b397d00] Command: cd /var/www/mscnet.work/releases && /usr/bin/env echo "Branch master (at 25ac1c07b96a3dbb0db516538b7210f54b6610c1) deployed as release 20180330213838 by cromon" >> /var/www/mscnet.work/revisions.log
  INFO [6b397d00] Finished in 0.383 seconds with exit status 0 (successful).
